The system is: Windows - 10.0.19041 - AMD64
Compiling the CSharp compiler identification source file "CMakeCSharpCompilerId.cs" succeeded.
Compiler:  
Build flags: 
Id flags:  

The output was:
0
Microsoft (R) Build Engine version 15.9.21+g9802d43bc3 pour .NET Framework
Copyright (C) Microsoft Corporation. Tous droits r‚serv‚s.

La g‚n‚ration a d‚marr‚ 19/10/2020 18:10:51.
Projet "C:\SDK\zed-csharp-api\Tutorials\build\CMakeFiles\3.15.6\CompilerIdCSharp\CompilerIdCSharp.csproj" sur le noud 1 (cibles par d‚faut).
PrepareForBuild:
  Cr‚ation du r‚pertoire "obj\x64\Debug\".
GenerateTargetFrameworkMonikerAttribute:
La cible est ignor‚e "GenerateTargetFrameworkMonikerAttribute", car tous les fichiers de sortie sont … jour par rapport aux fichiers d'entr‚e.
CoreCompile:
  C:\Program Files (x86)\Microsoft Visual Studio\2017\Community\MSBuild\15.0\Bin\Roslyn\csc.exe /noconfig /nowarn:1701,1702 /nostdlib+ /define:Platformx64;PlatformToolsetv141 /highentropyva- /reference:"C:\Program Files (x86)\Reference Assemblies\Microsoft\Framework\.NETFramework\v4.0\mscorlib.dll" /reference:"C:\Program Files (x86)\Reference Assemblies\Microsoft\Framework\.NETFramework\v4.0\System.Core.dll" /debug+ /out:obj\x64\Debug\CompilerIdCSharp.exe /ruleset:"C:\Program Files (x86)\Microsoft Visual Studio\2017\Community\Team Tools\Static Analysis Tools\\Rule Sets\MinimumRecommendedRules.ruleset" /target:exe /utf8output CMakeCSharpCompilerId.cs "C:\Users\Benjamin\AppData\Local\Temp\.NETFramework,Version=v4.0.AssemblyAttributes.cs"
  Utilisation de la compilation partag‚e avec le compilateur du r‚pertoireÿ: C:\Program Files (x86)\Microsoft Visual Studio\2017\Community\MSBuild\15.0\Bin\Roslyn
CopyFilesToOutputDirectory:
  Copie du fichier de "obj\x64\Debug\CompilerIdCSharp.exe" vers ".\CompilerIdCSharp.exe".
  CompilerIdCSharp -> C:\SDK\zed-csharp-api\Tutorials\build\CMakeFiles\3.15.6\CompilerIdCSharp\CompilerIdCSharp.exe
  Copie du fichier de "obj\x64\Debug\CompilerIdCSharp.pdb" vers ".\CompilerIdCSharp.pdb".
PostBuildEvent:
  if not "C:\Program Files (x86)\Microsoft Visual Studio\2017\Community\MSBuild\15.0\Bin\Roslyn"=="" if exist "C:\Program Files (x86)\Microsoft Visual Studio\2017\Community\MSBuild\15.0\Bin\Roslyn\csc.exe" set _CSC=C:\Program Files (x86)\Microsoft Visual Studio\2017\Community\MSBuild\15.0\Bin\Roslyn
  if exist "C:\Program Files (x86)\Microsoft Visual Studio\2017\Community\MSBuild\15.0\Bin\csc.exe" set _CSC=C:\Program Files (x86)\Microsoft Visual Studio\2017\Community\MSBuild\15.0\Bin
  if "%_CSC%"=="" exit -1
  @echo CMAKE_CSharp_COMPILER=%_CSC%\csc.exe
  CMAKE_CSharp_COMPILER=C:\Program Files (x86)\Microsoft Visual Studio\2017\Community\MSBuild\15.0\Bin\Roslyn\csc.exe
G‚n‚ration du projet "C:\SDK\zed-csharp-api\Tutorials\build\CMakeFiles\3.15.6\CompilerIdCSharp\CompilerIdCSharp.csproj" termin‚e (cibles par d‚faut).

La g‚n‚ration a r‚ussi.
    0 Avertissement(s)
    0 Erreur(s)

Temps ‚coul‚ 00:00:00.21


Compilation of the CSharp compiler identification source "CMakeCSharpCompilerId.cs" produced "CompilerIdCSharp.csproj"

Compilation of the CSharp compiler identification source "CMakeCSharpCompilerId.cs" produced "CompilerIdCSharp.exe"

Compilation of the CSharp compiler identification source "CMakeCSharpCompilerId.cs" produced "CompilerIdCSharp.pdb"

The CSharp compiler identification is Microsoft Visual Studio, found in "C:/SDK/zed-csharp-api/Tutorials/build/CMakeFiles/3.15.6/CompilerIdCSharp/CompilerIdCSharp.exe"

Determining if the C# compiler works passed with the following output:
Change Dir: C:/SDK/zed-csharp-api/Tutorials/build/CMakeFiles/CMakeTmp

Run Build Command(s):C:/Program Files (x86)/Microsoft Visual Studio/2017/Community/MSBuild/15.0/Bin/MSBuild.exe cmTC_dd94f.csproj /p:Configuration=Debug /p:Platform=x64 /p:VisualStudioVersion=15.0 /v:m && Microsoft (R) Build Engine version 15.9.21+g9802d43bc3 pour .NET Framework
Copyright (C) Microsoft Corporation. Tous droits r‚serv‚s.

  cmTC_dd94f -> C:\SDK\zed-csharp-api\Tutorials\build\CMakeFiles\CMakeTmp\Debug\cmTC_dd94f.exe



